[M::bwa_idx_load_from_disk] read 0 ALT contigs
[M::process] read 529802 sequences (80000102 bp)...
[M::mem_pestat] # candidate unique pairs for (FF, FR, RF, RR): (0, 16497, 12, 0)
[M::mem_pestat] skip orientation FF as there are not enough pairs
[M::mem_pestat] analyzing insert size distribution for orientation FR...
[M::mem_pestat] (25, 50, 75) percentile: (152, 192, 244)
[M::mem_pestat] low and high boundaries for computing mean and std.dev: (1, 428)
[M::mem_pestat] mean and std.dev: (199.60, 69.84)
[M::mem_pestat] low and high boundaries for proper pairs: (1, 520)
[M::mem_pestat] analyzing insert size distribution for orientation RF...
[M::mem_pestat] (25, 50, 75) percentile: (228, 294, 341)
[M::mem_pestat] low and high boundaries for computing mean and std.dev: (2, 567)
[M::mem_pestat] mean and std.dev: (281.58, 88.30)
[M::mem_pestat] low and high boundaries for proper pairs: (1, 680)
[M::mem_pestat] skip orientation RR as there are not enough pairs
[M::mem_pestat] skip orientation RF
[M::process] read 529802 sequences (80000102 bp)...
[M::mem_process_seqs] Processed 529802 reads in 167.508 CPU sec, 26.760 real sec
[M::process] read 529802 sequences (80000102 bp)...
[M::mem_pestat] # candidate unique pairs for (FF, FR, RF, RR): (0, 16670, 14, 0)
[M::mem_pestat] skip orientation FF as there are not enough pairs
[M::mem_pestat] analyzing insert size distribution for orientation FR...
[M::mem_pestat] (25, 50, 75) percentile: (151, 192, 245)
[M::mem_pestat] low and high boundaries for computing mean and std.dev: (1, 433)
[M::mem_pestat] mean and std.dev: (200.20, 71.34)
[M::mem_pestat] low and high boundaries for proper pairs: (1, 527)
[M::mem_pestat] analyzing insert size distribution for orientation RF...
[M::mem_pestat] (25, 50, 75) percentile: (211, 305, 326)
[M::mem_pestat] low and high boundaries for computing mean and std.dev: (1, 556)
[M::mem_pestat] mean and std.dev: (254.00, 98.98)
[M::mem_pestat] low and high boundaries for proper pairs: (1, 671)
[M::mem_pestat] skip orientation RR as there are not enough pairs
[M::mem_pestat] skip orientation RF
[M::mem_process_seqs] Processed 529802 reads in 163.777 CPU sec, 20.601 real sec
[M::process] read 529802 sequences (80000102 bp)...
[M::mem_pestat] # candidate unique pairs for (FF, FR, RF, RR): (0, 16641, 11, 1)
[M::mem_pestat] skip orientation FF as there are not enough pairs
[M::mem_pestat] analyzing insert size distribution for orientation FR...
[M::mem_pestat] (25, 50, 75) percentile: (151, 191, 245)
[M::mem_pestat] low and high boundaries for computing mean and std.dev: (1, 433)
[M::mem_pestat] mean and std.dev: (199.70, 70.87)
[M::mem_pestat] low and high boundaries for proper pairs: (1, 527)
[M::mem_pestat] analyzing insert size distribution for orientation RF...
[M::mem_pestat] (25, 50, 75) percentile: (273, 318, 342)
[M::mem_pestat] low and high boundaries for computing mean and std.dev: (135, 480)
[M::mem_pestat] mean and std.dev: (297.30, 53.06)
[M::mem_pestat] low and high boundaries for proper pairs: (66, 549)
[M::mem_pestat] skip orientation RR as there are not enough pairs
[M::mem_pestat] skip orientation RF
[M::mem_process_seqs] Processed 529802 reads in 162.370 CPU sec, 20.429 real sec
[M::process] read 529802 sequences (80000102 bp)...
[M::mem_pestat] # candidate unique pairs for (FF, FR, RF, RR): (1, 16662, 12, 0)
[M::mem_pestat] skip orientation FF as there are not enough pairs
[M::mem_pestat] analyzing insert size distribution for orientation FR...
[M::mem_pestat] (25, 50, 75) percentile: (153, 193, 246)
[M::mem_pestat] low and high boundaries for computing mean and std.dev: (1, 432)
[M::mem_pestat] mean and std.dev: (200.80, 71.13)
[M::mem_pestat] low and high boundaries for proper pairs: (1, 525)
[M::mem_pestat] analyzing insert size distribution for orientation RF...
[M::mem_pestat] (25, 50, 75) percentile: (288, 327, 355)
[M::mem_pestat] low and high boundaries for computing mean and std.dev: (154, 489)
[M::mem_pestat] mean and std.dev: (306.60, 48.85)
[M::mem_pestat] low and high boundaries for proper pairs: (87, 556)
[M::mem_pestat] skip orientation RR as there are not enough pairs
[M::mem_pestat] skip orientation RF
[M::mem_process_seqs] Processed 529802 reads in 163.321 CPU sec, 20.554 real sec
[M::process] read 529802 sequences (80000102 bp)...
[M::mem_pestat] # candidate unique pairs for (FF, FR, RF, RR): (2, 16598, 9, 0)
[M::mem_pestat] skip orientation FF as there are not enough pairs
[M::mem_pestat] analyzing insert size distribution for orientation FR...
[M::mem_pestat] (25, 50, 75) percentile: (151, 191, 244)
[M::mem_pestat] low and high boundaries for computing mean and std.dev: (1, 430)
[M::mem_pestat] mean and std.dev: (199.07, 70.11)
[M::mem_pestat] low and high boundaries for proper pairs: (1, 523)
[M::mem_pestat] skip orientation RF as there are not enough pairs
[M::mem_pestat] skip orientation RR as there are not enough pairs
[M::mem_process_seqs] Processed 529802 reads in 162.463 CPU sec, 20.494 real sec
[M::process] read 529802 sequences (80000102 bp)...
[M::mem_pestat] # candidate unique pairs for (FF, FR, RF, RR): (3, 16582, 13, 0)
[M::mem_pestat] skip orientation FF as there are not enough pairs
[M::mem_pestat] analyzing insert size distribution for orientation FR...
[M::mem_pestat] (25, 50, 75) percentile: (151, 191, 243)
[M::mem_pestat] low and high boundaries for computing mean and std.dev: (1, 427)
[M::mem_pestat] mean and std.dev: (198.46, 69.85)
[M::mem_pestat] low and high boundaries for proper pairs: (1, 519)
[M::mem_pestat] analyzing insert size distribution for orientation RF...
[M::mem_pestat] (25, 50, 75) percentile: (286, 335, 2289)
[M::mem_pestat] low and high boundaries for computing mean and std.dev: (1, 6295)
[M::mem_pestat] mean and std.dev: (937.46, 1218.32)
[M::mem_pestat] low and high boundaries for proper pairs: (1, 8298)
[M::mem_pestat] skip orientation RR as there are not enough pairs
[M::mem_pestat] skip orientation RF
[M::mem_process_seqs] Processed 529802 reads in 162.654 CPU sec, 20.451 real sec
[M::process] read 529802 sequences (80000102 bp)...
[M::mem_pestat] # candidate unique pairs for (FF, FR, RF, RR): (5, 16831, 18, 0)
[M::mem_pestat] skip orientation FF as there are not enough pairs
[M::mem_pestat] analyzing insert size distribution for orientation FR...
[M::mem_pestat] (25, 50, 75) percentile: (151, 191, 244)
[M::mem_pestat] low and high boundaries for computing mean and std.dev: (1, 430)
[M::mem_pestat] mean and std.dev: (199.10, 70.96)
[M::mem_pestat] low and high boundaries for proper pairs: (1, 523)
[M::mem_pestat] analyzing insert size distribution for orientation RF...
[M::mem_pestat] (25, 50, 75) percentile: (245, 298, 359)
[M::mem_pestat] low and high boundaries for computing mean and std.dev: (17, 587)
[M::mem_pestat] mean and std.dev: (297.22, 74.10)
[M::mem_pestat] low and high boundaries for proper pairs: (1, 701)
[M::mem_pestat] skip orientation RR as there are not enough pairs
[M::mem_pestat] skip orientation RF
[M::mem_process_seqs] Processed 529802 reads in 162.197 CPU sec, 20.417 real sec
[M::process] read 529802 sequences (80000102 bp)...
[M::mem_pestat] # candidate unique pairs for (FF, FR, RF, RR): (3, 16610, 13, 1)
[M::mem_pestat] skip orientation FF as there are not enough pairs
[M::mem_pestat] analyzing insert size distribution for orientation FR...
[M::mem_pestat] (25, 50, 75) percentile: (150, 190, 242)
[M::mem_pestat] low and high boundaries for computing mean and std.dev: (1, 426)
[M::mem_pestat] mean and std.dev: (198.02, 71.43)
[M::mem_pestat] low and high boundaries for proper pairs: (1, 518)
[M::mem_pestat] analyzing insert size distribution for orientation RF...
[M::mem_pestat] (25, 50, 75) percentile: (161, 288, 310)
[M::mem_pestat] low and high boundaries for computing mean and std.dev: (1, 608)
[M::mem_pestat] mean and std.dev: (253.31, 71.83)
[M::mem_pestat] low and high boundaries for proper pairs: (1, 757)
[M::mem_pestat] skip orientation RR as there are not enough pairs
[M::mem_pestat] skip orientation RF
[M::mem_process_seqs] Processed 529802 reads in 162.263 CPU sec, 20.533 real sec
[M::process] read 529802 sequences (80000102 bp)...
[M::mem_pestat] # candidate unique pairs for (FF, FR, RF, RR): (9, 16878, 13, 1)
[M::mem_pestat] skip orientation FF as there are not enough pairs
[M::mem_pestat] analyzing insert size distribution for orientation FR...
[M::mem_pestat] (25, 50, 75) percentile: (150, 190, 244)
[M::mem_pestat] low and high boundaries for computing mean and std.dev: (1, 432)
[M::mem_pestat] mean and std.dev: (197.92, 70.66)
[M::mem_pestat] low and high boundaries for proper pairs: (1, 526)
[M::mem_pestat] analyzing insert size distribution for orientation RF...
[M::mem_pestat] (25, 50, 75) percentile: (260, 266, 331)
[M::mem_pestat] low and high boundaries for computing mean and std.dev: (118, 473)
[M::mem_pestat] mean and std.dev: (293.00, 44.66)
[M::mem_pestat] low and high boundaries for proper pairs: (47, 544)
[M::mem_pestat] skip orientation RR as there are not enough pairs
[M::mem_pestat] skip orientation RF
[M::mem_process_seqs] Processed 529802 reads in 162.451 CPU sec, 20.493 real sec
[M::process] read 529802 sequences (80000102 bp)...
[M::mem_pestat] # candidate unique pairs for (FF, FR, RF, RR): (4, 16871, 10, 5)
[M::mem_pestat] skip orientation FF as there are not enough pairs
[M::mem_pestat] analyzing insert size distribution for orientation FR...
[M::mem_pestat] (25, 50, 75) percentile: (150, 190, 242)
[M::mem_pestat] low and high boundaries for computing mean and std.dev: (1, 426)
[M::mem_pestat] mean and std.dev: (197.84, 70.10)
[M::mem_pestat] low and high boundaries for proper pairs: (1, 518)
[M::mem_pestat] analyzing insert size distribution for orientation RF...
[M::mem_pestat] (25, 50, 75) percentile: (257, 283, 311)
[M::mem_pestat] low and high boundaries for computing mean and std.dev: (149, 419)
[M::mem_pestat] mean and std.dev: (269.12, 25.85)
[M::mem_pestat] low and high boundaries for proper pairs: (95, 473)
[M::mem_pestat] skip orientation RR as there are not enough pairs
[M::mem_pestat] skip orientation RF
[M::mem_process_seqs] Processed 529802 reads in 161.995 CPU sec, 20.459 real sec
[M::process] read 529802 sequences (80000102 bp)...
[M::mem_pestat] # candidate unique pairs for (FF, FR, RF, RR): (7, 16589, 8, 2)
[M::mem_pestat] skip orientation FF as there are not enough pairs
[M::mem_pestat] analyzing insert size distribution for orientation FR...
[M::mem_pestat] (25, 50, 75) percentile: (150, 191, 243)
[M::mem_pestat] low and high boundaries for computing mean and std.dev: (1, 429)
[M::mem_pestat] mean and std.dev: (198.53, 70.74)
[M::mem_pestat] low and high boundaries for proper pairs: (1, 522)
[M::mem_pestat] skip orientation RF as there are not enough pairs
[M::mem_pestat] skip orientation RR as there are not enough pairs
[M::mem_process_seqs] Processed 529802 reads in 161.832 CPU sec, 20.343 real sec
[M::process] read 529802 sequences (80000102 bp)...
[M::mem_pestat] # candidate unique pairs for (FF, FR, RF, RR): (15, 16856, 16, 7)
[M::mem_pestat] analyzing insert size distribution for orientation FF...
[M::mem_pestat] (25, 50, 75) percentile: (2, 5, 7)
[M::mem_pestat] low and high boundaries for computing mean and std.dev: (1, 17)
[M::mem_pestat] mean and std.dev: (4.29, 2.79)
[M::mem_pestat] low and high boundaries for proper pairs: (1, 22)
[M::mem_pestat] analyzing insert size distribution for orientation FR...
[M::mem_pestat] (25, 50, 75) percentile: (151, 192, 245)
[M::mem_pestat] low and high boundaries for computing mean and std.dev: (1, 433)
[M::mem_pestat] mean and std.dev: (199.66, 71.30)
[M::mem_pestat] low and high boundaries for proper pairs: (1, 527)
[M::mem_pestat] analyzing insert size distribution for orientation RF...
[M::mem_pestat] (25, 50, 75) percentile: (247, 286, 355)
[M::mem_pestat] low and high boundaries for computing mean and std.dev: (31, 571)
[M::mem_pestat] mean and std.dev: (278.87, 77.61)
[M::mem_pestat] low and high boundaries for proper pairs: (1, 679)
[M::mem_pestat] skip orientation RR as there are not enough pairs
[M::mem_pestat] skip orientation FF
[M::mem_pestat] skip orientation RF
[M::mem_process_seqs] Processed 529802 reads in 161.777 CPU sec, 20.413 real sec
[M::process] read 529802 sequences (80000102 bp)...
[M::mem_pestat] # candidate unique pairs for (FF, FR, RF, RR): (10, 16963, 13, 2)
[M::mem_pestat] analyzing insert size distribution for orientation FF...
[M::mem_pestat] (25, 50, 75) percentile: (3, 4, 5)
[M::mem_pestat] low and high boundaries for computing mean and std.dev: (1, 9)
[M::mem_pestat] mean and std.dev: (3.80, 1.66)
[M::mem_pestat] low and high boundaries for proper pairs: (1, 11)
[M::mem_pestat] analyzing insert size distribution for orientation FR...
[M::mem_pestat] (25, 50, 75) percentile: (151, 191, 244)
[M::mem_pestat] low and high boundaries for computing mean and std.dev: (1, 430)
[M::mem_pestat] mean and std.dev: (199.11, 70.86)
[M::mem_pestat] low and high boundaries for proper pairs: (1, 523)
[M::mem_pestat] analyzing insert size distribution for orientation RF...
[M::mem_pestat] (25, 50, 75) percentile: (251, 292, 330)
[M::mem_pestat] low and high boundaries for computing mean and std.dev: (93, 488)
[M::mem_pestat] mean and std.dev: (277.38, 63.85)
[M::mem_pestat] low and high boundaries for proper pairs: (14, 567)
[M::mem_pestat] skip orientation RR as there are not enough pairs
[M::mem_pestat] skip orientation FF
[M::mem_pestat] skip orientation RF
[M::mem_process_seqs] Processed 529802 reads in 162.331 CPU sec, 20.430 real sec
[M::process] read 529802 sequences (80000102 bp)...
[M::mem_pestat] # candidate unique pairs for (FF, FR, RF, RR): (15, 16945, 13, 4)
[M::mem_pestat] analyzing insert size distribution for orientation FF...
[M::mem_pestat] (25, 50, 75) percentile: (1, 3, 7)
[M::mem_pestat] low and high boundaries for computing mean and std.dev: (1, 19)
[M::mem_pestat] mean and std.dev: (3.31, 2.46)
[M::mem_pestat] low and high boundaries for proper pairs: (1, 25)
[M::mem_pestat] analyzing insert size distribution for orientation FR...
[M::mem_pestat] (25, 50, 75) percentile: (149, 191, 242)
[M::mem_pestat] low and high boundaries for computing mean and std.dev: (1, 428)
[M::mem_pestat] mean and std.dev: (197.67, 70.31)
[M::mem_pestat] low and high boundaries for proper pairs: (1, 521)
[M::mem_pestat] analyzing insert size distribution for orientation RF...
[M::mem_pestat] (25, 50, 75) percentile: (245, 294, 342)
[M::mem_pestat] low and high boundaries for computing mean and std.dev: (51, 536)
[M::mem_pestat] mean and std.dev: (277.42, 66.60)
[M::mem_pestat] low and high boundaries for proper pairs: (1, 633)
[M::mem_pestat] skip orientation RR as there are not enough pairs
[M::mem_pestat] skip orientation FF
[M::mem_pestat] skip orientation RF
[M::mem_process_seqs] Processed 529802 reads in 162.150 CPU sec, 20.425 real sec
[M::process] read 529802 sequences (80000102 bp)...
[M::mem_pestat] # candidate unique pairs for (FF, FR, RF, RR): (8, 16629, 6, 1)
[M::mem_pestat] skip orientation FF as there are not enough pairs
[M::mem_pestat] analyzing insert size distribution for orientation FR...
[M::mem_pestat] (25, 50, 75) percentile: (151, 191, 243)
[M::mem_pestat] low and high boundaries for computing mean and std.dev: (1, 427)
[M::mem_pestat] mean and std.dev: (198.19, 69.81)
[M::mem_pestat] low and high boundaries for proper pairs: (1, 519)
[M::mem_pestat] skip orientation RF as there are not enough pairs
[M::mem_pestat] skip orientation RR as there are not enough pairs
[M::mem_process_seqs] Processed 529802 reads in 163.043 CPU sec, 20.507 real sec
[M::process] read 529802 sequences (80000102 bp)...
[M::mem_pestat] # candidate unique pairs for (FF, FR, RF, RR): (0, 16391, 8, 1)
[M::mem_pestat] skip orientation FF as there are not enough pairs
[M::mem_pestat] analyzing insert size distribution for orientation FR...
[M::mem_pestat] (25, 50, 75) percentile: (150, 190, 243)
[M::mem_pestat] low and high boundaries for computing mean and std.dev: (1, 429)
[M::mem_pestat] mean and std.dev: (198.01, 70.90)
[M::mem_pestat] low and high boundaries for proper pairs: (1, 522)
[M::mem_pestat] skip orientation RF as there are not enough pairs
[M::mem_pestat] skip orientation RR as there are not enough pairs
[M::mem_process_seqs] Processed 529802 reads in 163.836 CPU sec, 20.595 real sec
[M::process] read 529802 sequences (80000102 bp)...
[M::mem_pestat] # candidate unique pairs for (FF, FR, RF, RR): (1, 16546, 8, 0)
[M::mem_pestat] skip orientation FF as there are not enough pairs
[M::mem_pestat] analyzing insert size distribution for orientation FR...
[M::mem_pestat] (25, 50, 75) percentile: (151, 193, 245)
[M::mem_pestat] low and high boundaries for computing mean and std.dev: (1, 433)
[M::mem_pestat] mean and std.dev: (199.96, 70.84)
[M::mem_pestat] low and high boundaries for proper pairs: (1, 527)
[M::mem_pestat] skip orientation RF as there are not enough pairs
[M::mem_pestat] skip orientation RR as there are not enough pairs
[M::mem_process_seqs] Processed 529802 reads in 163.930 CPU sec, 20.614 real sec
[M::process] read 529802 sequences (80000102 bp)...
[M::mem_pestat] # candidate unique pairs for (FF, FR, RF, RR): (1, 16512, 8, 0)
[M::mem_pestat] skip orientation FF as there are not enough pairs
[M::mem_pestat] analyzing insert size distribution for orientation FR...
[M::mem_pestat] (25, 50, 75) percentile: (151, 192, 245)
[M::mem_pestat] low and high boundaries for computing mean and std.dev: (1, 433)
[M::mem_pestat] mean and std.dev: (200.25, 71.39)
[M::mem_pestat] low and high boundaries for proper pairs: (1, 527)
[M::mem_pestat] skip orientation RF as there are not enough pairs
[M::mem_pestat] skip orientation RR as there are not enough pairs
[M::mem_process_seqs] Processed 529802 reads in 164.178 CPU sec, 20.651 real sec
[M::process] read 529802 sequences (80000102 bp)...
[M::mem_pestat] # candidate unique pairs for (FF, FR, RF, RR): (0, 16590, 8, 0)
[M::mem_pestat] skip orientation FF as there are not enough pairs
[M::mem_pestat] analyzing insert size distribution for orientation FR...
[M::mem_pestat] (25, 50, 75) percentile: (151, 190, 241)
[M::mem_pestat] low and high boundaries for computing mean and std.dev: (1, 421)
[M::mem_pestat] mean and std.dev: (197.50, 69.31)
[M::mem_pestat] low and high boundaries for proper pairs: (1, 511)
[M::mem_pestat] skip orientation RF as there are not enough pairs
[M::mem_pestat] skip orientation RR as there are not enough pairs
[M::mem_process_seqs] Processed 529802 reads in 163.091 CPU sec, 20.543 real sec
[M::process] read 529802 sequences (80000102 bp)...
[M::mem_pestat] # candidate unique pairs for (FF, FR, RF, RR): (2, 16620, 7, 0)
[M::mem_pestat] skip orientation FF as there are not enough pairs
[M::mem_pestat] analyzing insert size distribution for orientation FR...
[M::mem_pestat] (25, 50, 75) percentile: (151, 192, 244)
[M::mem_pestat] low and high boundaries for computing mean and std.dev: (1, 430)
[M::mem_pestat] mean and std.dev: (199.06, 70.28)
[M::mem_pestat] low and high boundaries for proper pairs: (1, 523)
[M::mem_pestat] skip orientation RF as there are not enough pairs
[M::mem_pestat] skip orientation RR as there are not enough pairs
[M::mem_process_seqs] Processed 529802 reads in 162.796 CPU sec, 20.472 real sec
[M::process] read 529802 sequences (80000102 bp)...
[M::mem_pestat] # candidate unique pairs for (FF, FR, RF, RR): (3, 16744, 8, 1)
[M::mem_pestat] skip orientation FF as there are not enough pairs
[M::mem_pestat] analyzing insert size distribution for orientation FR...
[M::mem_pestat] (25, 50, 75) percentile: (150, 191, 244)
[M::mem_pestat] low and high boundaries for computing mean and std.dev: (1, 432)
[M::mem_pestat] mean and std.dev: (198.92, 71.01)
[M::mem_pestat] low and high boundaries for proper pairs: (1, 526)
[M::mem_pestat] skip orientation RF as there are not enough pairs
[M::mem_pestat] skip orientation RR as there are not enough pairs
[M::mem_process_seqs] Processed 529802 reads in 162.741 CPU sec, 20.477 real sec
[M::process] read 529802 sequences (80000102 bp)...
[M::mem_pestat] # candidate unique pairs for (FF, FR, RF, RR): (0, 16640, 9, 1)
[M::mem_pestat] skip orientation FF as there are not enough pairs
[M::mem_pestat] analyzing insert size distribution for orientation FR...
[M::mem_pestat] (25, 50, 75) percentile: (150, 191, 243)
[M::mem_pestat] low and high boundaries for computing mean and std.dev: (1, 429)
[M::mem_pestat] mean and std.dev: (198.57, 70.39)
[M::mem_pestat] low and high boundaries for proper pairs: (1, 522)
[M::mem_pestat] skip orientation RF as there are not enough pairs
[M::mem_pestat] skip orientation RR as there are not enough pairs
[M::mem_process_seqs] Processed 529802 reads in 163.360 CPU sec, 20.535 real sec
[M::process] read 529802 sequences (80000102 bp)...
[M::mem_pestat] # candidate unique pairs for (FF, FR, RF, RR): (6, 16834, 8, 0)
[M::mem_pestat] skip orientation FF as there are not enough pairs
[M::mem_pestat] analyzing insert size distribution for orientation FR...
[M::mem_pestat] (25, 50, 75) percentile: (151, 192, 245)
[M::mem_pestat] low and high boundaries for computing mean and std.dev: (1, 433)
[M::mem_pestat] mean and std.dev: (199.88, 70.58)
[M::mem_pestat] low and high boundaries for proper pairs: (1, 527)
[M::mem_pestat] skip orientation RF as there are not enough pairs
[M::mem_pestat] skip orientation RR as there are not enough pairs
[M::mem_process_seqs] Processed 529802 reads in 162.272 CPU sec, 20.406 real sec
[M::process] read 529802 sequences (80000102 bp)...
[M::mem_pestat] # candidate unique pairs for (FF, FR, RF, RR): (5, 16642, 11, 2)
[M::mem_pestat] skip orientation FF as there are not enough pairs
[M::mem_pestat] analyzing insert size distribution for orientation FR...
[M::mem_pestat] (25, 50, 75) percentile: (150, 191, 244)
[M::mem_pestat] low and high boundaries for computing mean and std.dev: (1, 432)
[M::mem_pestat] mean and std.dev: (199.16, 70.79)
[M::mem_pestat] low and high boundaries for proper pairs: (1, 526)
[M::mem_pestat] analyzing insert size distribution for orientation RF...
[M::mem_pestat] (25, 50, 75) percentile: (266, 333, 395)
[M::mem_pestat] low and high boundaries for computing mean and std.dev: (8, 653)
[M::mem_pestat] mean and std.dev: (292.90, 86.39)
[M::mem_pestat] low and high boundaries for proper pairs: (1, 782)
[M::mem_pestat] skip orientation RR as there are not enough pairs
[M::mem_pestat] skip orientation RF
[M::mem_process_seqs] Processed 529802 reads in 162.641 CPU sec, 20.466 real sec
[M::process] read 529802 sequences (80000102 bp)...
[M::mem_pestat] # candidate unique pairs for (FF, FR, RF, RR): (9, 16596, 12, 1)
[M::mem_pestat] skip orientation FF as there are not enough pairs
[M::mem_pestat] analyzing insert size distribution for orientation FR...
[M::mem_pestat] (25, 50, 75) percentile: (150, 191, 243)
[M::mem_pestat] low and high boundaries for computing mean and std.dev: (1, 429)
[M::mem_pestat] mean and std.dev: (198.48, 71.03)
[M::mem_pestat] low and high boundaries for proper pairs: (1, 522)
[M::mem_pestat] analyzing insert size distribution for orientation RF...
[M::mem_pestat] (25, 50, 75) percentile: (263, 293, 337)
[M::mem_pestat] low and high boundaries for computing mean and std.dev: (115, 485)
[M::mem_pestat] mean and std.dev: (299.75, 44.74)
[M::mem_pestat] low and high boundaries for proper pairs: (41, 559)
[M::mem_pestat] skip orientation RR as there are not enough pairs
[M::mem_pestat] skip orientation RF
[M::mem_process_seqs] Processed 529802 reads in 161.983 CPU sec, 20.386 real sec
[M::process] read 529802 sequences (80000102 bp)...
[M::mem_pestat] # candidate unique pairs for (FF, FR, RF, RR): (14, 16773, 8, 3)
[M::mem_pestat] analyzing insert size distribution for orientation FF...
[M::mem_pestat] (25, 50, 75) percentile: (2, 3, 6)
[M::mem_pestat] low and high boundaries for computing mean and std.dev: (1, 14)
[M::mem_pestat] mean and std.dev: (3.79, 2.34)
[M::mem_pestat] low and high boundaries for proper pairs: (1, 18)
[M::mem_pestat] analyzing insert size distribution for orientation FR...
[M::mem_pestat] (25, 50, 75) percentile: (151, 191, 243)
[M::mem_pestat] low and high boundaries for computing mean and std.dev: (1, 427)
[M::mem_pestat] mean and std.dev: (198.34, 69.72)
[M::mem_pestat] low and high boundaries for proper pairs: (1, 519)
[M::mem_pestat] skip orientation RF as there are not enough pairs
[M::mem_pestat] skip orientation RR as there are not enough pairs
[M::mem_pestat] skip orientation FF
[M::mem_process_seqs] Processed 529802 reads in 163.588 CPU sec, 20.575 real sec
[M::process] read 529802 sequences (80000102 bp)...
[M::mem_pestat] # candidate unique pairs for (FF, FR, RF, RR): (9, 16729, 8, 1)
[M::mem_pestat] skip orientation FF as there are not enough pairs
[M::mem_pestat] analyzing insert size distribution for orientation FR...
[M::mem_pestat] (25, 50, 75) percentile: (150, 190, 243)
[M::mem_pestat] low and high boundaries for computing mean and std.dev: (1, 429)
[M::mem_pestat] mean and std.dev: (198.09, 70.68)
[M::mem_pestat] low and high boundaries for proper pairs: (1, 522)
[M::mem_pestat] skip orientation RF as there are not enough pairs
[M::mem_pestat] skip orientation RR as there are not enough pairs
[M::mem_process_seqs] Processed 529802 reads in 162.645 CPU sec, 20.446 real sec
[M::process] read 529802 sequences (80000102 bp)...
[M::mem_pestat] # candidate unique pairs for (FF, FR, RF, RR): (11, 16899, 8, 3)
[M::mem_pestat] analyzing insert size distribution for orientation FF...
[M::mem_pestat] (25, 50, 75) percentile: (5, 7, 9)
[M::mem_pestat] low and high boundaries for computing mean and std.dev: (1, 17)
[M::mem_pestat] mean and std.dev: (6.40, 2.24)
[M::mem_pestat] low and high boundaries for proper pairs: (1, 21)
[M::mem_pestat] analyzing insert size distribution for orientation FR...
[M::mem_pestat] (25, 50, 75) percentile: (150, 191, 243)
[M::mem_pestat] low and high boundaries for computing mean and std.dev: (1, 429)
[M::mem_pestat] mean and std.dev: (198.24, 70.35)
[M::mem_pestat] low and high boundaries for proper pairs: (1, 522)
[M::mem_pestat] skip orientation RF as there are not enough pairs
[M::mem_pestat] skip orientation RR as there are not enough pairs
[M::mem_pestat] skip orientation FF
[M::mem_process_seqs] Processed 529802 reads in 163.237 CPU sec, 20.532 real sec
[M::process] read 529802 sequences (80000102 bp)...
[M::mem_pestat] # candidate unique pairs for (FF, FR, RF, RR): (4, 16646, 10, 1)
[M::mem_pestat] skip orientation FF as there are not enough pairs
[M::mem_pestat] analyzing insert size distribution for orientation FR...
[M::mem_pestat] (25, 50, 75) percentile: (150, 190, 245)
[M::mem_pestat] low and high boundaries for computing mean and std.dev: (1, 435)
[M::mem_pestat] mean and std.dev: (199.42, 71.94)
[M::mem_pestat] low and high boundaries for proper pairs: (1, 530)
[M::mem_pestat] analyzing insert size distribution for orientation RF...
[M::mem_pestat] (25, 50, 75) percentile: (226, 254, 319)
[M::mem_pestat] low and high boundaries for computing mean and std.dev: (40, 505)
[M::mem_pestat] mean and std.dev: (266.40, 81.16)
[M::mem_pestat] low and high boundaries for proper pairs: (1, 598)
[M::mem_pestat] skip orientation RR as there are not enough pairs
[M::mem_pestat] skip orientation RF
[M::mem_process_seqs] Processed 529802 reads in 162.988 CPU sec, 20.497 real sec
[M::process] read 529802 sequences (80000102 bp)...
[M::mem_pestat] # candidate unique pairs for (FF, FR, RF, RR): (0, 16545, 12, 0)
[M::mem_pestat] skip orientation FF as there are not enough pairs
[M::mem_pestat] analyzing insert size distribution for orientation FR...
[M::mem_pestat] (25, 50, 75) percentile: (151, 192, 244)
[M::mem_pestat] low and high boundaries for computing mean and std.dev: (1, 430)
[M::mem_pestat] mean and std.dev: (198.99, 70.92)
[M::mem_pestat] low and high boundaries for proper pairs: (1, 523)
[M::mem_pestat] analyzing insert size distribution for orientation RF...
[M::mem_pestat] (25, 50, 75) percentile: (289, 306, 358)
[M::mem_pestat] low and high boundaries for computing mean and std.dev: (151, 496)
[M::mem_pestat] mean and std.dev: (310.17, 54.54)
[M::mem_pestat] low and high boundaries for proper pairs: (82, 565)
[M::mem_pestat] skip orientation RR as there are not enough pairs
[M::mem_pestat] skip orientation RF
[M::mem_process_seqs] Processed 529802 reads in 163.513 CPU sec, 20.554 real sec
[M::process] read 529802 sequences (80000102 bp)...
[M::mem_pestat] # candidate unique pairs for (FF, FR, RF, RR): (0, 16566, 5, 0)
[M::mem_pestat] skip orientation FF as there are not enough pairs
[M::mem_pestat] analyzing insert size distribution for orientation FR...
[M::mem_pestat] (25, 50, 75) percentile: (151, 192, 246)
[M::mem_pestat] low and high boundaries for computing mean and std.dev: (1, 436)
[M::mem_pestat] mean and std.dev: (200.12, 71.44)
[M::mem_pestat] low and high boundaries for proper pairs: (1, 531)
[M::mem_pestat] skip orientation RF as there are not enough pairs
[M::mem_pestat] skip orientation RR as there are not enough pairs
[M::mem_process_seqs] Processed 529802 reads in 163.231 CPU sec, 20.542 real sec
[M::process] read 529802 sequences (80000102 bp)...
[M::mem_pestat] # candidate unique pairs for (FF, FR, RF, RR): (0, 16632, 14, 0)
[M::mem_pestat] skip orientation FF as there are not enough pairs
[M::mem_pestat] analyzing insert size distribution for orientation FR...
[M::mem_pestat] (25, 50, 75) percentile: (151, 190, 244)
[M::mem_pestat] low and high boundaries for computing mean and std.dev: (1, 430)
[M::mem_pestat] mean and std.dev: (198.79, 71.00)
[M::mem_pestat] low and high boundaries for proper pairs: (1, 523)
[M::mem_pestat] analyzing insert size distribution for orientation RF...
[M::mem_pestat] (25, 50, 75) percentile: (228, 322, 333)
[M::mem_pestat] low and high boundaries for computing mean and std.dev: (18, 543)
[M::mem_pestat] mean and std.dev: (257.71, 103.79)
[M::mem_pestat] low and high boundaries for proper pairs: (1, 648)
[M::mem_pestat] skip orientation RR as there are not enough pairs
[M::mem_pestat] skip orientation RF
[M::mem_process_seqs] Processed 529802 reads in 162.394 CPU sec, 20.438 real sec
[M::process] read 529802 sequences (80000102 bp)...
[M::mem_pestat] # candidate unique pairs for (FF, FR, RF, RR): (1, 16534, 11, 0)
[M::mem_pestat] skip orientation FF as there are not enough pairs
[M::mem_pestat] analyzing insert size distribution for orientation FR...
[M::mem_pestat] (25, 50, 75) percentile: (150, 191, 244)
[M::mem_pestat] low and high boundaries for computing mean and std.dev: (1, 432)
[M::mem_pestat] mean and std.dev: (198.83, 71.01)
[M::mem_pestat] low and high boundaries for proper pairs: (1, 526)
[M::mem_pestat] analyzing insert size distribution for orientation RF...
[M::mem_pestat] (25, 50, 75) percentile: (248, 265, 356)
[M::mem_pestat] low and high boundaries for computing mean and std.dev: (32, 572)
[M::mem_pestat] mean and std.dev: (264.91, 76.37)
[M::mem_pestat] low and high boundaries for proper pairs: (1, 680)
[M::mem_pestat] skip orientation RR as there are not enough pairs
[M::mem_pestat] skip orientation RF
[M::mem_process_seqs] Processed 529802 reads in 162.716 CPU sec, 20.526 real sec
[M::process] read 529802 sequences (80000102 bp)...
[M::mem_pestat] # candidate unique pairs for (FF, FR, RF, RR): (3, 16899, 15, 1)
[M::mem_pestat] skip orientation FF as there are not enough pairs
[M::mem_pestat] analyzing insert size distribution for orientation FR...
[M::mem_pestat] (25, 50, 75) percentile: (150, 192, 244)
[M::mem_pestat] low and high boundaries for computing mean and std.dev: (1, 432)
[M::mem_pestat] mean and std.dev: (199.50, 71.44)
[M::mem_pestat] low and high boundaries for proper pairs: (1, 526)
[M::mem_pestat] analyzing insert size distribution for orientation RF...
[M::mem_pestat] (25, 50, 75) percentile: (269, 305, 335)
[M::mem_pestat] low and high boundaries for computing mean and std.dev: (137, 467)
[M::mem_pestat] mean and std.dev: (285.07, 60.44)
[M::mem_pestat] low and high boundaries for proper pairs: (43, 533)
[M::mem_pestat] skip orientation RR as there are not enough pairs
[M::mem_pestat] skip orientation RF
[M::mem_process_seqs] Processed 529802 reads in 162.624 CPU sec, 20.465 real sec
[M::process] read 529802 sequences (80000102 bp)...
[M::mem_pestat] # candidate unique pairs for (FF, FR, RF, RR): (1, 16720, 9, 1)
[M::mem_pestat] skip orientation FF as there are not enough pairs
[M::mem_pestat] analyzing insert size distribution for orientation FR...
[M::mem_pestat] (25, 50, 75) percentile: (150, 190, 244)
[M::mem_pestat] low and high boundaries for computing mean and std.dev: (1, 432)
[M::mem_pestat] mean and std.dev: (198.80, 71.52)
[M::mem_pestat] low and high boundaries for proper pairs: (1, 526)
[M::mem_pestat] skip orientation RF as there are not enough pairs
[M::mem_pestat] skip orientation RR as there are not enough pairs
[M::mem_process_seqs] Processed 529802 reads in 163.093 CPU sec, 20.703 real sec
[M::process] read 529802 sequences (80000102 bp)...
[M::mem_pestat] # candidate unique pairs for (FF, FR, RF, RR): (5, 16725, 11, 6)
[M::mem_pestat] skip orientation FF as there are not enough pairs
[M::mem_pestat] analyzing insert size distribution for orientation FR...
[M::mem_pestat] (25, 50, 75) percentile: (152, 191, 245)
[M::mem_pestat] low and high boundaries for computing mean and std.dev: (1, 431)
[M::mem_pestat] mean and std.dev: (199.81, 70.78)
[M::mem_pestat] low and high boundaries for proper pairs: (1, 524)
[M::mem_pestat] analyzing insert size distribution for orientation RF...
[M::mem_pestat] (25, 50, 75) percentile: (304, 324, 358)
[M::mem_pestat] low and high boundaries for computing mean and std.dev: (196, 466)
[M::mem_pestat] mean and std.dev: (324.18, 38.99)
[M::mem_pestat] low and high boundaries for proper pairs: (142, 520)
[M::mem_pestat] skip orientation RR as there are not enough pairs
[M::mem_pestat] skip orientation RF
[M::mem_process_seqs] Processed 529802 reads in 162.964 CPU sec, 20.500 real sec
[M::process] read 529802 sequences (80000102 bp)...
[M::mem_pestat] # candidate unique pairs for (FF, FR, RF, RR): (2, 16850, 17, 1)
[M::mem_pestat] skip orientation FF as there are not enough pairs
[M::mem_pestat] analyzing insert size distribution for orientation FR...
[M::mem_pestat] (25, 50, 75) percentile: (151, 191, 244)
[M::mem_pestat] low and high boundaries for computing mean and std.dev: (1, 430)
[M::mem_pestat] mean and std.dev: (199.04, 70.21)
[M::mem_pestat] low and high boundaries for proper pairs: (1, 523)
[M::mem_pestat] analyzing insert size distribution for orientation RF...
[M::mem_pestat] (25, 50, 75) percentile: (246, 298, 353)
[M::mem_pestat] low and high boundaries for computing mean and std.dev: (32, 567)
[M::mem_pestat] mean and std.dev: (294.12, 59.19)
[M::mem_pestat] low and high boundaries for proper pairs: (1, 674)
[M::mem_pestat] skip orientation RR as there are not enough pairs
[M::mem_pestat] skip orientation RF
[M::mem_process_seqs] Processed 529802 reads in 162.338 CPU sec, 20.416 real sec
[M::process] read 529802 sequences (80000102 bp)...
[M::mem_pestat] # candidate unique pairs for (FF, FR, RF, RR): (2, 16858, 17, 2)
[M::mem_pestat] skip orientation FF as there are not enough pairs
[M::mem_pestat] analyzing insert size distribution for orientation FR...
[M::mem_pestat] (25, 50, 75) percentile: (151, 191, 244)
[M::mem_pestat] low and high boundaries for computing mean and std.dev: (1, 430)
[M::mem_pestat] mean and std.dev: (199.19, 70.42)
[M::mem_pestat] low and high boundaries for proper pairs: (1, 523)
[M::mem_pestat] analyzing insert size distribution for orientation RF...
[M::mem_pestat] (25, 50, 75) percentile: (283, 318, 356)
[M::mem_pestat] low and high boundaries for computing mean and std.dev: (137, 502)
[M::mem_pestat] mean and std.dev: (311.06, 56.33)
[M::mem_pestat] low and high boundaries for proper pairs: (64, 575)
[M::mem_pestat] skip orientation RR as there are not enough pairs
[M::mem_pestat] skip orientation RF
[M::mem_process_seqs] Processed 529802 reads in 162.264 CPU sec, 20.417 real sec
[M::process] read 529802 sequences (80000102 bp)...
[M::mem_pestat] # candidate unique pairs for (FF, FR, RF, RR): (5, 16753, 15, 0)
[M::mem_pestat] skip orientation FF as there are not enough pairs
[M::mem_pestat] analyzing insert size distribution for orientation FR...
[M::mem_pestat] (25, 50, 75) percentile: (150, 190, 244)
[M::mem_pestat] low and high boundaries for computing mean and std.dev: (1, 432)
[M::mem_pestat] mean and std.dev: (198.23, 70.84)
[M::mem_pestat] low and high boundaries for proper pairs: (1, 526)
[M::mem_pestat] analyzing insert size distribution for orientation RF...
[M::mem_pestat] (25, 50, 75) percentile: (258, 309, 335)
[M::mem_pestat] low and high boundaries for computing mean and std.dev: (104, 489)
[M::mem_pestat] mean and std.dev: (308.29, 52.78)
[M::mem_pestat] low and high boundaries for proper pairs: (27, 566)
[M::mem_pestat] skip orientation RR as there are not enough pairs
[M::mem_pestat] skip orientation RF
[M::mem_process_seqs] Processed 529802 reads in 162.595 CPU sec, 20.452 real sec
[M::process] read 529802 sequences (80000102 bp)...
[M::mem_pestat] # candidate unique pairs for (FF, FR, RF, RR): (4, 16671, 18, 0)
[M::mem_pestat] skip orientation FF as there are not enough pairs
[M::mem_pestat] analyzing insert size distribution for orientation FR...
[M::mem_pestat] (25, 50, 75) percentile: (150, 189, 241)
[M::mem_pestat] low and high boundaries for computing mean and std.dev: (1, 423)
[M::mem_pestat] mean and std.dev: (196.70, 69.08)
[M::mem_pestat] low and high boundaries for proper pairs: (1, 514)
[M::mem_pestat] analyzing insert size distribution for orientation RF...
[M::mem_pestat] (25, 50, 75) percentile: (276, 310, 329)
[M::mem_pestat] low and high boundaries for computing mean and std.dev: (170, 435)
[M::mem_pestat] mean and std.dev: (299.11, 43.35)
[M::mem_pestat] low and high boundaries for proper pairs: (117, 488)
[M::mem_pestat] skip orientation RR as there are not enough pairs
[M::mem_pestat] skip orientation RF
[M::mem_process_seqs] Processed 529802 reads in 162.585 CPU sec, 20.503 real sec
[M::process] read 529802 sequences (80000102 bp)...
[M::mem_pestat] # candidate unique pairs for (FF, FR, RF, RR): (12, 16691, 6, 4)
[M::mem_pestat] analyzing insert size distribution for orientation FF...
[M::mem_pestat] (25, 50, 75) percentile: (3, 5, 10)
[M::mem_pestat] low and high boundaries for computing mean and std.dev: (1, 24)
[M::mem_pestat] mean and std.dev: (5.18, 3.16)
[M::mem_pestat] low and high boundaries for proper pairs: (1, 31)
[M::mem_pestat] analyzing insert size distribution for orientation FR...
[M::mem_pestat] (25, 50, 75) percentile: (150, 190, 242)
[M::mem_pestat] low and high boundaries for computing mean and std.dev: (1, 426)
[M::mem_pestat] mean and std.dev: (197.56, 69.85)
[M::mem_pestat] low and high boundaries for proper pairs: (1, 518)
[M::mem_pestat] skip orientation RF as there are not enough pairs
[M::mem_pestat] skip orientation RR as there are not enough pairs
[M::mem_pestat] skip orientation FF
[M::mem_process_seqs] Processed 529802 reads in 163.795 CPU sec, 20.596 real sec
[M::process] read 529802 sequences (80000102 bp)...
[M::mem_pestat] # candidate unique pairs for (FF, FR, RF, RR): (18, 16754, 10, 2)
[M::mem_pestat] analyzing insert size distribution for orientation FF...
[M::mem_pestat] (25, 50, 75) percentile: (3, 5, 6)
[M::mem_pestat] low and high boundaries for computing mean and std.dev: (1, 12)
[M::mem_pestat] mean and std.dev: (4.72, 2.35)
[M::mem_pestat] low and high boundaries for proper pairs: (1, 15)
[M::mem_pestat] analyzing insert size distribution for orientation FR...
[M::mem_pestat] (25, 50, 75) percentile: (151, 190, 243)
[M::mem_pestat] low and high boundaries for computing mean and std.dev: (1, 427)
[M::mem_pestat] mean and std.dev: (198.02, 69.55)
[M::mem_pestat] low and high boundaries for proper pairs: (1, 519)
[M::mem_pestat] analyzing insert size distribution for orientation RF...
[M::mem_pestat] (25, 50, 75) percentile: (335, 345, 365)
[M::mem_pestat] low and high boundaries for computing mean and std.dev: (275, 425)
[M::mem_pestat] mean and std.dev: (348.67, 25.85)
[M::mem_pestat] low and high boundaries for proper pairs: (245, 455)
[M::mem_pestat] skip orientation RR as there are not enough pairs
[M::mem_pestat] skip orientation FF
[M::mem_pestat] skip orientation RF
[M::mem_process_seqs] Processed 529802 reads in 162.356 CPU sec, 20.418 real sec
[M::process] read 529802 sequences (80000102 bp)...
[M::mem_pestat] # candidate unique pairs for (FF, FR, RF, RR): (6, 16893, 8, 3)
[M::mem_pestat] skip orientation FF as there are not enough pairs
[M::mem_pestat] analyzing insert size distribution for orientation FR...
[M::mem_pestat] (25, 50, 75) percentile: (151, 190, 242)
[M::mem_pestat] low and high boundaries for computing mean and std.dev: (1, 424)
[M::mem_pestat] mean and std.dev: (198.18, 69.82)
[M::mem_pestat] low and high boundaries for proper pairs: (1, 515)
[M::mem_pestat] skip orientation RF as there are not enough pairs
[M::mem_pestat] skip orientation RR as there are not enough pairs
[M::mem_process_seqs] Processed 529802 reads in 162.463 CPU sec, 20.421 real sec
[M::process] read 529802 sequences (80000102 bp)...
[M::mem_pestat] # candidate unique pairs for (FF, FR, RF, RR): (1, 16439, 10, 0)
[M::mem_pestat] skip orientation FF as there are not enough pairs
[M::mem_pestat] analyzing insert size distribution for orientation FR...
[M::mem_pestat] (25, 50, 75) percentile: (151, 191, 244)
[M::mem_pestat] low and high boundaries for computing mean and std.dev: (1, 430)
[M::mem_pestat] mean and std.dev: (199.80, 71.41)
[M::mem_pestat] low and high boundaries for proper pairs: (1, 523)
[M::mem_pestat] analyzing insert size distribution for orientation RF...
[M::mem_pestat] (25, 50, 75) percentile: (287, 333, 340)
[M::mem_pestat] low and high boundaries for computing mean and std.dev: (181, 446)
[M::mem_pestat] mean and std.dev: (310.10, 35.96)
[M::mem_pestat] low and high boundaries for proper pairs: (128, 499)
[M::mem_pestat] skip orientation RR as there are not enough pairs
[M::mem_pestat] skip orientation RF
[M::mem_process_seqs] Processed 529802 reads in 163.646 CPU sec, 20.623 real sec
[M::process] read 529802 sequences (80000102 bp)...
[M::mem_pestat] # candidate unique pairs for (FF, FR, RF, RR): (1, 16478, 18, 0)
[M::mem_pestat] skip orientation FF as there are not enough pairs
[M::mem_pestat] analyzing insert size distribution for orientation FR...
[M::mem_pestat] (25, 50, 75) percentile: (150, 191, 244)
[M::mem_pestat] low and high boundaries for computing mean and std.dev: (1, 432)
[M::mem_pestat] mean and std.dev: (198.98, 71.14)
[M::mem_pestat] low and high boundaries for proper pairs: (1, 526)
[M::mem_pestat] analyzing insert size distribution for orientation RF...
[M::mem_pestat] (25, 50, 75) percentile: (293, 345, 363)
[M::mem_pestat] low and high boundaries for computing mean and std.dev: (153, 503)
[M::mem_pestat] mean and std.dev: (326.24, 50.33)
[M::mem_pestat] low and high boundaries for proper pairs: (83, 573)
[M::mem_pestat] skip orientation RR as there are not enough pairs
[M::mem_pestat] skip orientation RF
[M::mem_process_seqs] Processed 529802 reads in 163.564 CPU sec, 20.560 real sec
[M::process] read 529802 sequences (80000102 bp)...
[M::mem_pestat] # candidate unique pairs for (FF, FR, RF, RR): (2, 16462, 11, 1)
[M::mem_pestat] skip orientation FF as there are not enough pairs
[M::mem_pestat] analyzing insert size distribution for orientation FR...
[M::mem_pestat] (25, 50, 75) percentile: (151, 192, 244)
[M::mem_pestat] low and high boundaries for computing mean and std.dev: (1, 430)
[M::mem_pestat] mean and std.dev: (199.09, 69.97)
[M::mem_pestat] low and high boundaries for proper pairs: (1, 523)
[M::mem_pestat] analyzing insert size distribution for orientation RF...
[M::mem_pestat] (25, 50, 75) percentile: (288, 318, 358)
[M::mem_pestat] low and high boundaries for computing mean and std.dev: (148, 498)
[M::mem_pestat] mean and std.dev: (323.11, 48.82)
[M::mem_pestat] low and high boundaries for proper pairs: (78, 568)
[M::mem_pestat] skip orientation RR as there are not enough pairs
[M::mem_pestat] skip orientation RF
[M::mem_process_seqs] Processed 529802 reads in 165.518 CPU sec, 20.796 real sec
[M::process] read 529802 sequences (80000102 bp)...
[M::mem_pestat] # candidate unique pairs for (FF, FR, RF, RR): (2, 16411, 9, 0)
[M::mem_pestat] skip orientation FF as there are not enough pairs
[M::mem_pestat] analyzing insert size distribution for orientation FR...
[M::mem_pestat] (25, 50, 75) percentile: (150, 191, 245)
[M::mem_pestat] low and high boundaries for computing mean and std.dev: (1, 435)
[M::mem_pestat] mean and std.dev: (199.00, 71.46)
[M::mem_pestat] low and high boundaries for proper pairs: (1, 530)
[M::mem_pestat] skip orientation RF as there are not enough pairs
[M::mem_pestat] skip orientation RR as there are not enough pairs
[M::mem_process_seqs] Processed 529802 reads in 162.839 CPU sec, 20.473 real sec
[M::process] read 529802 sequences (80000102 bp)...
[M::mem_pestat] # candidate unique pairs for (FF, FR, RF, RR): (3, 16669, 14, 0)
[M::mem_pestat] skip orientation FF as there are not enough pairs
[M::mem_pestat] analyzing insert size distribution for orientation FR...
[M::mem_pestat] (25, 50, 75) percentile: (151, 190, 243)
[M::mem_pestat] low and high boundaries for computing mean and std.dev: (1, 427)
[M::mem_pestat] mean and std.dev: (197.97, 70.01)
[M::mem_pestat] low and high boundaries for proper pairs: (1, 519)
[M::mem_pestat] analyzing insert size distribution for orientation RF...
[M::mem_pestat] (25, 50, 75) percentile: (234, 318, 331)
[M::mem_pestat] low and high boundaries for computing mean and std.dev: (40, 525)
[M::mem_pestat] mean and std.dev: (285.29, 99.36)
[M::mem_pestat] low and high boundaries for proper pairs: (1, 622)
[M::mem_pestat] skip orientation RR as there are not enough pairs
[M::mem_pestat] skip orientation RF
[M::mem_process_seqs] Processed 529802 reads in 163.343 CPU sec, 20.594 real sec
[M::process] read 529802 sequences (80000102 bp)...
[M::mem_pestat] # candidate unique pairs for (FF, FR, RF, RR): (3, 16628, 6, 1)
[M::mem_pestat] skip orientation FF as there are not enough pairs
[M::mem_pestat] analyzing insert size distribution for orientation FR...
[M::mem_pestat] (25, 50, 75) percentile: (152, 192, 243)
[M::mem_pestat] low and high boundaries for computing mean and std.dev: (1, 425)
[M::mem_pestat] mean and std.dev: (199.39, 70.29)
[M::mem_pestat] low and high boundaries for proper pairs: (1, 516)
[M::mem_pestat] skip orientation RF as there are not enough pairs
[M::mem_pestat] skip orientation RR as there are not enough pairs
[M::mem_process_seqs] Processed 529802 reads in 163.189 CPU sec, 20.526 real sec
[M::process] read 529802 sequences (80000102 bp)...
[M::mem_pestat] # candidate unique pairs for (FF, FR, RF, RR): (6, 16667, 8, 0)
[M::mem_pestat] skip orientation FF as there are not enough pairs
[M::mem_pestat] analyzing insert size distribution for orientation FR...
[M::mem_pestat] (25, 50, 75) percentile: (151, 191, 243)
[M::mem_pestat] low and high boundaries for computing mean and std.dev: (1, 427)
[M::mem_pestat] mean and std.dev: (198.72, 70.25)
[M::mem_pestat] low and high boundaries for proper pairs: (1, 519)
[M::mem_pestat] skip orientation RF as there are not enough pairs
[M::mem_pestat] skip orientation RR as there are not enough pairs
[M::mem_process_seqs] Processed 529802 reads in 162.660 CPU sec, 20.454 real sec
[M::process] read 529802 sequences (80000102 bp)...
[M::mem_pestat] # candidate unique pairs for (FF, FR, RF, RR): (0, 16737, 8, 0)
[M::mem_pestat] skip orientation FF as there are not enough pairs
[M::mem_pestat] analyzing insert size distribution for orientation FR...
[M::mem_pestat] (25, 50, 75) percentile: (151, 191, 244)
[M::mem_pestat] low and high boundaries for computing mean and std.dev: (1, 430)
[M::mem_pestat] mean and std.dev: (199.09, 70.84)
[M::mem_pestat] low and high boundaries for proper pairs: (1, 523)
[M::mem_pestat] skip orientation RF as there are not enough pairs
[M::mem_pestat] skip orientation RR as there are not enough pairs
[M::mem_process_seqs] Processed 529802 reads in 162.109 CPU sec, 20.383 real sec
[M::process] read 529802 sequences (80000102 bp)...
[M::mem_pestat] # candidate unique pairs for (FF, FR, RF, RR): (14, 16708, 9, 1)
[M::mem_pestat] analyzing insert size distribution for orientation FF...
[M::mem_pestat] (25, 50, 75) percentile: (3, 6, 10)
[M::mem_pestat] low and high boundaries for computing mean and std.dev: (1, 24)
[M::mem_pestat] mean and std.dev: (5.69, 3.36)
[M::mem_pestat] low and high boundaries for proper pairs: (1, 31)
[M::mem_pestat] analyzing insert size distribution for orientation FR...
[M::mem_pestat] (25, 50, 75) percentile: (152, 191, 244)
[M::mem_pestat] low and high boundaries for computing mean and std.dev: (1, 428)
[M::mem_pestat] mean and std.dev: (199.16, 69.97)
[M::mem_pestat] low and high boundaries for proper pairs: (1, 520)
[M::mem_pestat] skip orientation RF as there are not enough pairs
[M::mem_pestat] skip orientation RR as there are not enough pairs
[M::mem_pestat] skip orientation FF
[M::mem_process_seqs] Processed 529802 reads in 162.380 CPU sec, 20.446 real sec
[M::process] read 529802 sequences (80000102 bp)...
[M::mem_pestat] # candidate unique pairs for (FF, FR, RF, RR): (7, 16648, 15, 4)
[M::mem_pestat] skip orientation FF as there are not enough pairs
[M::mem_pestat] analyzing insert size distribution for orientation FR...
[M::mem_pestat] (25, 50, 75) percentile: (150, 191, 243)
[M::mem_pestat] low and high boundaries for computing mean and std.dev: (1, 429)
[M::mem_pestat] mean and std.dev: (198.52, 70.68)
[M::mem_pestat] low and high boundaries for proper pairs: (1, 522)
[M::mem_pestat] analyzing insert size distribution for orientation RF...
[M::mem_pestat] (25, 50, 75) percentile: (262, 303, 345)
[M::mem_pestat] low and high boundaries for computing mean and std.dev: (96, 511)
[M::mem_pestat] mean and std.dev: (292.79, 51.12)
[M::mem_pestat] low and high boundaries for proper pairs: (13, 594)
[M::mem_pestat] skip orientation RR as there are not enough pairs
[M::mem_pestat] skip orientation RF
[M::mem_process_seqs] Processed 529802 reads in 162.385 CPU sec, 20.420 real sec
[M::process] read 529802 sequences (80000102 bp)...
[M::mem_pestat] # candidate unique pairs for (FF, FR, RF, RR): (4, 16834, 13, 4)
[M::mem_pestat] skip orientation FF as there are not enough pairs
[M::mem_pestat] analyzing insert size distribution for orientation FR...
[M::mem_pestat] (25, 50, 75) percentile: (151, 191, 244)
[M::mem_pestat] low and high boundaries for computing mean and std.dev: (1, 430)
[M::mem_pestat] mean and std.dev: (199.05, 70.74)
[M::mem_pestat] low and high boundaries for proper pairs: (1, 523)
[M::mem_pestat] analyzing insert size distribution for orientation RF...
[M::mem_pestat] (25, 50, 75) percentile: (260, 293, 333)
[M::mem_pestat] low and high boundaries for computing mean and std.dev: (114, 479)
[M::mem_pestat] mean and std.dev: (295.18, 49.59)
[M::mem_pestat] low and high boundaries for proper pairs: (41, 552)
[M::mem_pestat] skip orientation RR as there are not enough pairs
[M::mem_pestat] skip orientation RF
[M::mem_process_seqs] Processed 529802 reads in 162.201 CPU sec, 20.400 real sec
[M::process] read 529802 sequences (80000102 bp)...
[M::mem_pestat] # candidate unique pairs for (FF, FR, RF, RR): (13, 16902, 12, 4)
[M::mem_pestat] analyzing insert size distribution for orientation FF...
[M::mem_pestat] (25, 50, 75) percentile: (3, 4, 11)
[M::mem_pestat] low and high boundaries for computing mean and std.dev: (1, 27)
[M::mem_pestat] mean and std.dev: (5.75, 3.61)
[M::mem_pestat] low and high boundaries for proper pairs: (1, 35)
[M::mem_pestat] analyzing insert size distribution for orientation FR...
[M::mem_pestat] (25, 50, 75) percentile: (150, 191, 244)
[M::mem_pestat] low and high boundaries for computing mean and std.dev: (1, 432)
[M::mem_pestat] mean and std.dev: (198.68, 70.36)
[M::mem_pestat] low and high boundaries for proper pairs: (1, 526)
[M::mem_pestat] analyzing insert size distribution for orientation RF...
[M::mem_pestat] (25, 50, 75) percentile: (261, 313, 327)
[M::mem_pestat] low and high boundaries for computing mean and std.dev: (129, 459)
[M::mem_pestat] mean and std.dev: (295.00, 38.37)
[M::mem_pestat] low and high boundaries for proper pairs: (63, 525)
[M::mem_pestat] skip orientation RR as there are not enough pairs
[M::mem_pestat] skip orientation FF
[M::mem_pestat] skip orientation RF
[M::mem_process_seqs] Processed 529802 reads in 162.954 CPU sec, 20.484 real sec
[M::process] read 529802 sequences (80000102 bp)...
[M::mem_pestat] # candidate unique pairs for (FF, FR, RF, RR): (16, 16920, 5, 5)
[M::mem_pestat] analyzing insert size distribution for orientation FF...
[M::mem_pestat] (25, 50, 75) percentile: (4, 5, 7)
[M::mem_pestat] low and high boundaries for computing mean and std.dev: (1, 13)
[M::mem_pestat] mean and std.dev: (5.31, 2.11)
[M::mem_pestat] low and high boundaries for proper pairs: (1, 16)
[M::mem_pestat] analyzing insert size distribution for orientation FR...
[M::mem_pestat] (25, 50, 75) percentile: (151, 190, 243)
[M::mem_pestat] low and high boundaries for computing mean and std.dev: (1, 427)
[M::mem_pestat] mean and std.dev: (198.55, 69.91)
[M::mem_pestat] low and high boundaries for proper pairs: (1, 519)
[M::mem_pestat] skip orientation RF as there are not enough pairs
[M::mem_pestat] skip orientation RR as there are not enough pairs
[M::mem_pestat] skip orientation FF
[M::mem_process_seqs] Processed 529802 reads in 163.282 CPU sec, 20.528 real sec
[M::process] read 529802 sequences (80000102 bp)...
[M::mem_pestat] # candidate unique pairs for (FF, FR, RF, RR): (4, 16542, 9, 2)
[M::mem_pestat] skip orientation FF as there are not enough pairs
[M::mem_pestat] analyzing insert size distribution for orientation FR...
[M::mem_pestat] (25, 50, 75) percentile: (150, 191, 244)
[M::mem_pestat] low and high boundaries for computing mean and std.dev: (1, 432)
[M::mem_pestat] mean and std.dev: (199.33, 71.32)
[M::mem_pestat] low and high boundaries for proper pairs: (1, 526)
[M::mem_pestat] skip orientation RF as there are not enough pairs
[M::mem_pestat] skip orientation RR as there are not enough pairs
[M::mem_process_seqs] Processed 529802 reads in 179.596 CPU sec, 22.571 real sec
[M::process] read 529802 sequences (80000102 bp)...
[M::mem_pestat] # candidate unique pairs for (FF, FR, RF, RR): (0, 16416, 6, 0)
[M::mem_pestat] skip orientation FF as there are not enough pairs
[M::mem_pestat] analyzing insert size distribution for orientation FR...
[M::mem_pestat] (25, 50, 75) percentile: (151, 192, 244)
[M::mem_pestat] low and high boundaries for computing mean and std.dev: (1, 430)
[M::mem_pestat] mean and std.dev: (199.60, 70.49)
[M::mem_pestat] low and high boundaries for proper pairs: (1, 523)
[M::mem_pestat] skip orientation RF as there are not enough pairs
[M::mem_pestat] skip orientation RR as there are not enough pairs
[M::mem_process_seqs] Processed 529802 reads in 174.239 CPU sec, 22.028 real sec
[M::process] read 529802 sequences (80000102 bp)...
[M::mem_pestat] # candidate unique pairs for (FF, FR, RF, RR): (0, 16526, 12, 0)
[M::mem_pestat] skip orientation FF as there are not enough pairs
[M::mem_pestat] analyzing insert size distribution for orientation FR...
[M::mem_pestat] (25, 50, 75) percentile: (151, 191, 243)
[M::mem_pestat] low and high boundaries for computing mean and std.dev: (1, 427)
[M::mem_pestat] mean and std.dev: (198.91, 70.41)
[M::mem_pestat] low and high boundaries for proper pairs: (1, 519)
[M::mem_pestat] analyzing insert size distribution for orientation RF...
[M::mem_pestat] (25, 50, 75) percentile: (175, 313, 335)
[M::mem_pestat] low and high boundaries for computing mean and std.dev: (1, 655)
[M::mem_pestat] mean and std.dev: (257.42, 117.07)
[M::mem_pestat] low and high boundaries for proper pairs: (1, 815)
[M::mem_pestat] skip orientation RR as there are not enough pairs
[M::mem_pestat] skip orientation RF
[M::mem_process_seqs] Processed 529802 reads in 171.356 CPU sec, 21.566 real sec
[M::process] read 529802 sequences (80000102 bp)...
[M::mem_pestat] # candidate unique pairs for (FF, FR, RF, RR): (0, 16470, 12, 0)
[M::mem_pestat] skip orientation FF as there are not enough pairs
[M::mem_pestat] analyzing insert size distribution for orientation FR...
[M::mem_pestat] (25, 50, 75) percentile: (151, 191, 244)
[M::mem_pestat] low and high boundaries for computing mean and std.dev: (1, 430)
[M::mem_pestat] mean and std.dev: (199.27, 71.00)
[M::mem_pestat] low and high boundaries for proper pairs: (1, 523)
[M::mem_pestat] analyzing insert size distribution for orientation RF...
[M::mem_pestat] (25, 50, 75) percentile: (281, 364, 416)
[M::mem_pestat] low and high boundaries for computing mean and std.dev: (11, 686)
[M::mem_pestat] mean and std.dev: (341.50, 73.06)
[M::mem_pestat] low and high boundaries for proper pairs: (1, 821)
[M::mem_pestat] skip orientation RR as there are not enough pairs
[M::mem_pestat] skip orientation RF
[M::mem_process_seqs] Processed 529802 reads in 169.365 CPU sec, 21.320 real sec
[M::process] read 529802 sequences (80000102 bp)...
[M::mem_pestat] # candidate unique pairs for (FF, FR, RF, RR): (1, 16410, 10, 1)
[M::mem_pestat] skip orientation FF as there are not enough pairs
[M::mem_pestat] analyzing insert size distribution for orientation FR...
[M::mem_pestat] (25, 50, 75) percentile: (151, 192, 244)
[M::mem_pestat] low and high boundaries for computing mean and std.dev: (1, 430)
[M::mem_pestat] mean and std.dev: (199.60, 70.61)
[M::mem_pestat] low and high boundaries for proper pairs: (1, 523)
[M::mem_pestat] analyzing insert size distribution for orientation RF...
[M::mem_pestat] (25, 50, 75) percentile: (327, 353, 365)
[M::mem_pestat] low and high boundaries for computing mean and std.dev: (251, 441)
[M::mem_pestat] mean and std.dev: (343.56, 26.36)
[M::mem_pestat] low and high boundaries for proper pairs: (213, 479)
[M::mem_pestat] skip orientation RR as there are not enough pairs
[M::mem_pestat] skip orientation RF
[M::mem_process_seqs] Processed 529802 reads in 165.697 CPU sec, 20.830 real sec
[M::process] read 529802 sequences (80000102 bp)...
[M::mem_pestat] # candidate unique pairs for (FF, FR, RF, RR): (0, 16584, 9, 0)
[M::mem_pestat] skip orientation FF as there are not enough pairs
[M::mem_pestat] analyzing insert size distribution for orientation FR...
[M::mem_pestat] (25, 50, 75) percentile: (150, 192, 246)
[M::mem_pestat] low and high boundaries for computing mean and std.dev: (1, 438)
[M::mem_pestat] mean and std.dev: (200.06, 71.75)
[M::mem_pestat] low and high boundaries for proper pairs: (1, 534)
[M::mem_pestat] skip orientation RF as there are not enough pairs
[M::mem_pestat] skip orientation RR as there are not enough pairs
[M::mem_process_seqs] Processed 529802 reads in 165.865 CPU sec, 20.871 real sec
[M::process] read 529802 sequences (80000102 bp)...
[M::mem_pestat] # candidate unique pairs for (FF, FR, RF, RR): (1, 16586, 14, 1)
[M::mem_pestat] skip orientation FF as there are not enough pairs
[M::mem_pestat] analyzing insert size distribution for orientation FR...
[M::mem_pestat] (25, 50, 75) percentile: (151, 191, 244)
[M::mem_pestat] low and high boundaries for computing mean and std.dev: (1, 430)
[M::mem_pestat] mean and std.dev: (199.54, 71.02)
[M::mem_pestat] low and high boundaries for proper pairs: (1, 523)
[M::mem_pestat] analyzing insert size distribution for orientation RF...
[M::mem_pestat] (25, 50, 75) percentile: (246, 293, 336)
[M::mem_pestat] low and high boundaries for computing mean and std.dev: (66, 516)
[M::mem_pestat] mean and std.dev: (288.23, 62.78)
[M::mem_pestat] low and high boundaries for proper pairs: (1, 606)
[M::mem_pestat] skip orientation RR as there are not enough pairs
[M::mem_pestat] skip orientation RF
[M::mem_process_seqs] Processed 529802 reads in 163.538 CPU sec, 20.579 real sec
[M::process] read 529802 sequences (80000102 bp)...
[M::mem_pestat] # candidate unique pairs for (FF, FR, RF, RR): (2, 16635, 8, 1)
[M::mem_pestat] skip orientation FF as there are not enough pairs
[M::mem_pestat] analyzing insert size distribution for orientation FR...
[M::mem_pestat] (25, 50, 75) percentile: (150, 191, 243)
[M::mem_pestat] low and high boundaries for computing mean and std.dev: (1, 429)
[M::mem_pestat] mean and std.dev: (197.77, 70.24)
[M::mem_pestat] low and high boundaries for proper pairs: (1, 522)
[M::mem_pestat] skip orientation RF as there are not enough pairs
[M::mem_pestat] skip orientation RR as there are not enough pairs
[M::mem_process_seqs] Processed 529802 reads in 163.671 CPU sec, 20.600 real sec
[M::process] read 529802 sequences (80000102 bp)...
[M::mem_pestat] # candidate unique pairs for (FF, FR, RF, RR): (2, 16743, 10, 1)
[M::mem_pestat] skip orientation FF as there are not enough pairs
[M::mem_pestat] analyzing insert size distribution for orientation FR...
[M::mem_pestat] (25, 50, 75) percentile: (150, 190, 244)
[M::mem_pestat] low and high boundaries for computing mean and std.dev: (1, 432)
[M::mem_pestat] mean and std.dev: (198.96, 71.13)
[M::mem_pestat] low and high boundaries for proper pairs: (1, 526)
[M::mem_pestat] analyzing insert size distribution for orientation RF...
[M::mem_pestat] (25, 50, 75) percentile: (261, 310, 331)
[M::mem_pestat] low and high boundaries for computing mean and std.dev: (121, 471)
[M::mem_pestat] mean and std.dev: (287.40, 50.21)
[M::mem_pestat] low and high boundaries for proper pairs: (51, 541)
[M::mem_pestat] skip orientation RR as there are not enough pairs
[M::mem_pestat] skip orientation RF
[M::mem_process_seqs] Processed 529802 reads in 164.517 CPU sec, 20.760 real sec
[M::process] read 529802 sequences (80000102 bp)...
[M::mem_pestat] # candidate unique pairs for (FF, FR, RF, RR): (6, 16765, 10, 1)
[M::mem_pestat] skip orientation FF as there are not enough pairs
[M::mem_pestat] analyzing insert size distribution for orientation FR...
[M::mem_pestat] (25, 50, 75) percentile: (151, 191, 243)
[M::mem_pestat] low and high boundaries for computing mean and std.dev: (1, 427)
[M::mem_pestat] mean and std.dev: (198.76, 69.45)
[M::mem_pestat] low and high boundaries for proper pairs: (1, 519)
[M::mem_pestat] analyzing insert size distribution for orientation RF...
[M::mem_pestat] (25, 50, 75) percentile: (274, 312, 322)
[M::mem_pestat] low and high boundaries for computing mean and std.dev: (178, 418)
[M::mem_pestat] mean and std.dev: (309.56, 35.63)
[M::mem_pestat] low and high boundaries for proper pairs: (130, 466)
[M::mem_pestat] skip orientation RR as there are not enough pairs
[M::mem_pestat] skip orientation RF
[M::mem_process_seqs] Processed 529802 reads in 167.119 CPU sec, 21.021 real sec
[M::process] read 529802 sequences (80000102 bp)...
[M::mem_pestat] # candidate unique pairs for (FF, FR, RF, RR): (6, 16782, 8, 0)
[M::mem_pestat] skip orientation FF as there are not enough pairs
[M::mem_pestat] analyzing insert size distribution for orientation FR...
[M::mem_pestat] (25, 50, 75) percentile: (151, 192, 246)
[M::mem_pestat] low and high boundaries for computing mean and std.dev: (1, 436)
[M::mem_pestat] mean and std.dev: (200.42, 71.00)
[M::mem_pestat] low and high boundaries for proper pairs: (1, 531)
[M::mem_pestat] skip orientation RF as there are not enough pairs
[M::mem_pestat] skip orientation RR as there are not enough pairs
[M::mem_process_seqs] Processed 529802 reads in 166.854 CPU sec, 20.983 real sec
[M::process] read 529802 sequences (80000102 bp)...
[M::mem_pestat] # candidate unique pairs for (FF, FR, RF, RR): (5, 16805, 15, 3)
[M::mem_pestat] skip orientation FF as there are not enough pairs
[M::mem_pestat] analyzing insert size distribution for orientation FR...
[M::mem_pestat] (25, 50, 75) percentile: (151, 191, 243)
[M::mem_pestat] low and high boundaries for computing mean and std.dev: (1, 427)
[M::mem_pestat] mean and std.dev: (199.07, 70.02)
[M::mem_pestat] low and high boundaries for proper pairs: (1, 519)
[M::mem_pestat] analyzing insert size distribution for orientation RF...
[M::mem_pestat] (25, 50, 75) percentile: (261, 288, 328)
[M::mem_pestat] low and high boundaries for computing mean and std.dev: (127, 462)
[M::mem_pestat] mean and std.dev: (305.62, 43.07)
[M::mem_pestat] low and high boundaries for proper pairs: (60, 529)
[M::mem_pestat] skip orientation RR as there are not enough pairs
[M::mem_pestat] skip orientation RF
[M::mem_process_seqs] Processed 529802 reads in 165.201 CPU sec, 20.764 real sec
[M::process] read 529802 sequences (80000102 bp)...
[M::mem_pestat] # candidate unique pairs for (FF, FR, RF, RR): (2, 16824, 13, 3)
[M::mem_pestat] skip orientation FF as there are not enough pairs
[M::mem_pestat] analyzing insert size distribution for orientation FR...
[M::mem_pestat] (25, 50, 75) percentile: (151, 190, 243)
[M::mem_pestat] low and high boundaries for computing mean and std.dev: (1, 427)
[M::mem_pestat] mean and std.dev: (198.57, 69.84)
[M::mem_pestat] low and high boundaries for proper pairs: (1, 519)
[M::mem_pestat] analyzing insert size distribution for orientation RF...
[M::mem_pestat] (25, 50, 75) percentile: (258, 327, 365)
[M::mem_pestat] low and high boundaries for computing mean and std.dev: (44, 579)
[M::mem_pestat] mean and std.dev: (294.42, 75.76)
[M::mem_pestat] low and high boundaries for proper pairs: (1, 686)
[M::mem_pestat] skip orientation RR as there are not enough pairs
[M::mem_pestat] skip orientation RF
[M::mem_process_seqs] Processed 529802 reads in 168.106 CPU sec, 21.133 real sec
[M::process] read 529802 sequences (80000102 bp)...
[M::mem_pestat] # candidate unique pairs for (FF, FR, RF, RR): (5, 16608, 10, 3)
[M::mem_pestat] skip orientation FF as there are not enough pairs
[M::mem_pestat] analyzing insert size distribution for orientation FR...
[M::mem_pestat] (25, 50, 75) percentile: (151, 190, 243)
[M::mem_pestat] low and high boundaries for computing mean and std.dev: (1, 427)
[M::mem_pestat] mean and std.dev: (198.62, 69.78)
[M::mem_pestat] low and high boundaries for proper pairs: (1, 519)
[M::mem_pestat] analyzing insert size distribution for orientation RF...
[M::mem_pestat] (25, 50, 75) percentile: (270, 318, 349)
[M::mem_pestat] low and high boundaries for computing mean and std.dev: (112, 507)
[M::mem_pestat] mean and std.dev: (314.40, 46.41)
[M::mem_pestat] low and high boundaries for proper pairs: (33, 586)
[M::mem_pestat] skip orientation RR as there are not enough pairs
[M::mem_pestat] skip orientation RF
[M::mem_process_seqs] Processed 529802 reads in 163.307 CPU sec, 20.519 real sec
[M::process] read 529802 sequences (80000102 bp)...
[M::mem_pestat] # candidate unique pairs for (FF, FR, RF, RR): (1, 16517, 11, 0)
[M::mem_pestat] skip orientation FF as there are not enough pairs
[M::mem_pestat] analyzing insert size distribution for orientation FR...
[M::mem_pestat] (25, 50, 75) percentile: (150, 190, 244)
[M::mem_pestat] low and high boundaries for computing mean and std.dev: (1, 432)
[M::mem_pestat] mean and std.dev: (198.13, 70.39)
[M::mem_pestat] low and high boundaries for proper pairs: (1, 526)
[M::mem_pestat] analyzing insert size distribution for orientation RF...
[M::mem_pestat] (25, 50, 75) percentile: (252, 288, 344)
[M::mem_pestat] low and high boundaries for computing mean and std.dev: (68, 528)
[M::mem_pestat] mean and std.dev: (267.90, 66.55)
[M::mem_pestat] low and high boundaries for proper pairs: (1, 620)
[M::mem_pestat] skip orientation RR as there are not enough pairs
[M::mem_pestat] skip orientation RF
[M::mem_process_seqs] Processed 529802 reads in 164.153 CPU sec, 20.656 real sec
[M::process] read 529802 sequences (80000102 bp)...
[M::mem_pestat] # candidate unique pairs for (FF, FR, RF, RR): (1, 16677, 7, 1)
[M::mem_pestat] skip orientation FF as there are not enough pairs
[M::mem_pestat] analyzing insert size distribution for orientation FR...
[M::mem_pestat] (25, 50, 75) percentile: (151, 191, 244)
[M::mem_pestat] low and high boundaries for computing mean and std.dev: (1, 430)
[M::mem_pestat] mean and std.dev: (198.70, 70.76)
[M::mem_pestat] low and high boundaries for proper pairs: (1, 523)
[M::mem_pestat] skip orientation RF as there are not enough pairs
[M::mem_pestat] skip orientation RR as there are not enough pairs
[M::mem_process_seqs] Processed 529802 reads in 163.053 CPU sec, 20.491 real sec
[M::process] read 529802 sequences (80000102 bp)...
[M::mem_pestat] # candidate unique pairs for (FF, FR, RF, RR): (0, 16492, 12, 0)
[M::mem_pestat] skip orientation FF as there are not enough pairs
[M::mem_pestat] analyzing insert size distribution for orientation FR...
[M::mem_pestat] (25, 50, 75) percentile: (151, 191, 244)
[M::mem_pestat] low and high boundaries for computing mean and std.dev: (1, 430)
[M::mem_pestat] mean and std.dev: (199.39, 70.56)
[M::mem_pestat] low and high boundaries for proper pairs: (1, 523)
[M::mem_pestat] analyzing insert size distribution for orientation RF...
[M::mem_pestat] (25, 50, 75) percentile: (301, 335, 366)
[M::mem_pestat] low and high boundaries for computing mean and std.dev: (171, 496)
[M::mem_pestat] mean and std.dev: (329.20, 31.94)
[M::mem_pestat] low and high boundaries for proper pairs: (106, 561)
[M::mem_pestat] skip orientation RR as there are not enough pairs
[M::mem_pestat] skip orientation RF
[M::mem_process_seqs] Processed 529802 reads in 163.505 CPU sec, 20.650 real sec
[M::process] read 529802 sequences (80000102 bp)...
[M::mem_pestat] # candidate unique pairs for (FF, FR, RF, RR): (0, 16535, 7, 0)
[M::mem_pestat] skip orientation FF as there are not enough pairs
[M::mem_pestat] analyzing insert size distribution for orientation FR...
[M::mem_pestat] (25, 50, 75) percentile: (149, 190, 244)
[M::mem_pestat] low and high boundaries for computing mean and std.dev: (1, 434)
[M::mem_pestat] mean and std.dev: (198.71, 71.53)
[M::mem_pestat] low and high boundaries for proper pairs: (1, 529)
[M::mem_pestat] skip orientation RF as there are not enough pairs
[M::mem_pestat] skip orientation RR as there are not enough pairs
[M::mem_process_seqs] Processed 529802 reads in 162.986 CPU sec, 20.552 real sec
[M::process] read 529802 sequences (80000102 bp)...
[M::mem_pestat] # candidate unique pairs for (FF, FR, RF, RR): (2, 16620, 8, 0)
[M::mem_pestat] skip orientation FF as there are not enough pairs
[M::mem_pestat] analyzing insert size distribution for orientation FR...
[M::mem_pestat] (25, 50, 75) percentile: (150, 191, 244)
[M::mem_pestat] low and high boundaries for computing mean and std.dev: (1, 432)
[M::mem_pestat] mean and std.dev: (199.03, 71.52)
[M::mem_pestat] low and high boundaries for proper pairs: (1, 526)
[M::mem_pestat] skip orientation RF as there are not enough pairs
[M::mem_pestat] skip orientation RR as there are not enough pairs
[M::mem_process_seqs] Processed 529802 reads in 164.769 CPU sec, 20.705 real sec
[M::process] read 529802 sequences (80000102 bp)...
[M::mem_pestat] # candidate unique pairs for (FF, FR, RF, RR): (1, 16666, 12, 2)
[M::mem_pestat] skip orientation FF as there are not enough pairs
[M::mem_pestat] analyzing insert size distribution for orientation FR...
[M::mem_pestat] (25, 50, 75) percentile: (151, 191, 244)
[M::mem_pestat] low and high boundaries for computing mean and std.dev: (1, 430)
[M::mem_pestat] mean and std.dev: (198.85, 69.98)
[M::mem_pestat] low and high boundaries for proper pairs: (1, 523)
[M::mem_pestat] analyzing insert size distribution for orientation RF...
[M::mem_pestat] (25, 50, 75) percentile: (243, 286, 325)
[M::mem_pestat] low and high boundaries for computing mean and std.dev: (79, 489)
[M::mem_pestat] mean and std.dev: (268.75, 68.07)
[M::mem_pestat] low and high boundaries for proper pairs: (1, 571)
[M::mem_pestat] skip orientation RR as there are not enough pairs
[M::mem_pestat] skip orientation RF
[M::mem_process_seqs] Processed 529802 reads in 168.646 CPU sec, 21.194 real sec
[M::process] read 529802 sequences (80000102 bp)...
[M::mem_pestat] # candidate unique pairs for (FF, FR, RF, RR): (2, 16647, 9, 1)
[M::mem_pestat] skip orientation FF as there are not enough pairs
[M::mem_pestat] analyzing insert size distribution for orientation FR...
[M::mem_pestat] (25, 50, 75) percentile: (150, 191, 245)
[M::mem_pestat] low and high boundaries for computing mean and std.dev: (1, 435)
[M::mem_pestat] mean and std.dev: (198.89, 71.16)
[M::mem_pestat] low and high boundaries for proper pairs: (1, 530)
[M::mem_pestat] skip orientation RF as there are not enough pairs
[M::mem_pestat] skip orientation RR as there are not enough pairs
[M::mem_process_seqs] Processed 529802 reads in 164.791 CPU sec, 20.708 real sec
[M::process] read 529802 sequences (80000102 bp)...
[M::mem_pestat] # candidate unique pairs for (FF, FR, RF, RR): (0, 16637, 15, 1)
[M::mem_pestat] skip orientation FF as there are not enough pairs
[M::mem_pestat] analyzing insert size distribution for orientation FR...
[M::mem_pestat] (25, 50, 75) percentile: (150, 191, 244)
[M::mem_pestat] low and high boundaries for computing mean and std.dev: (1, 432)
[M::mem_pestat] mean and std.dev: (199.40, 70.84)
[M::mem_pestat] low and high boundaries for proper pairs: (1, 526)
[M::mem_pestat] analyzing insert size distribution for orientation RF...
[M::mem_pestat] (25, 50, 75) percentile: (288, 327, 355)
[M::mem_pestat] low and high boundaries for computing mean and std.dev: (154, 489)
[M::mem_pestat] mean and std.dev: (315.07, 63.43)
[M::mem_pestat] low and high boundaries for proper pairs: (61, 556)
[M::mem_pestat] skip orientation RR as there are not enough pairs
[M::mem_pestat] skip orientation RF
[M::mem_process_seqs] Processed 529802 reads in 162.447 CPU sec, 20.445 real sec
[M::process] read 529802 sequences (80000102 bp)...
[M::mem_pestat] # candidate unique pairs for (FF, FR, RF, RR): (2, 16717, 13, 2)
[M::mem_pestat] skip orientation FF as there are not enough pairs
[M::mem_pestat] analyzing insert size distribution for orientation FR...
[M::mem_pestat] (25, 50, 75) percentile: (151, 191, 244)
[M::mem_pestat] low and high boundaries for computing mean and std.dev: (1, 430)
[M::mem_pestat] mean and std.dev: (199.33, 70.76)
[M::mem_pestat] low and high boundaries for proper pairs: (1, 523)
[M::mem_pestat] analyzing insert size distribution for orientation RF...
[M::mem_pestat] (25, 50, 75) percentile: (262, 293, 357)
[M::mem_pestat] low and high boundaries for computing mean and std.dev: (72, 547)
[M::mem_pestat] mean and std.dev: (313.00, 57.55)
[M::mem_pestat] low and high boundaries for proper pairs: (1, 642)
[M::mem_pestat] skip orientation RR as there are not enough pairs
[M::mem_pestat] skip orientation RF
[M::mem_process_seqs] Processed 529802 reads in 165.319 CPU sec, 20.817 real sec
[M::process] read 529802 sequences (80000102 bp)...
[M::mem_pestat] # candidate unique pairs for (FF, FR, RF, RR): (5, 16692, 3, 2)
[M::mem_pestat] skip orientation FF as there are not enough pairs
[M::mem_pestat] analyzing insert size distribution for orientation FR...
[M::mem_pestat] (25, 50, 75) percentile: (150, 191, 242)
[M::mem_pestat] low and high boundaries for computing mean and std.dev: (1, 426)
[M::mem_pestat] mean and std.dev: (198.30, 70.01)
[M::mem_pestat] low and high boundaries for proper pairs: (1, 518)
[M::mem_pestat] skip orientation RF as there are not enough pairs
[M::mem_pestat] skip orientation RR as there are not enough pairs
[M::mem_process_seqs] Processed 529802 reads in 168.786 CPU sec, 21.237 real sec
[M::process] read 529802 sequences (80000102 bp)...
[M::mem_pestat] # candidate unique pairs for (FF, FR, RF, RR): (2, 16599, 9, 2)
[M::mem_pestat] skip orientation FF as there are not enough pairs
[M::mem_pestat] analyzing insert size distribution for orientation FR...
[M::mem_pestat] (25, 50, 75) percentile: (150, 190, 242)
[M::mem_pestat] low and high boundaries for computing mean and std.dev: (1, 426)
[M::mem_pestat] mean and std.dev: (197.95, 69.80)
[M::mem_pestat] low and high boundaries for proper pairs: (1, 518)
[M::mem_pestat] skip orientation RF as there are not enough pairs
[M::mem_pestat] skip orientation RR as there are not enough pairs
[M::mem_process_seqs] Processed 529802 reads in 169.108 CPU sec, 21.291 real sec
[M::process] read 529802 sequences (80000102 bp)...
[M::mem_pestat] # candidate unique pairs for (FF, FR, RF, RR): (5, 16631, 13, 3)
[M::mem_pestat] skip orientation FF as there are not enough pairs
[M::mem_pestat] analyzing insert size distribution for orientation FR...
[M::mem_pestat] (25, 50, 75) percentile: (151, 191, 244)
[M::mem_pestat] low and high boundaries for computing mean and std.dev: (1, 430)
[M::mem_pestat] mean and std.dev: (199.59, 70.98)
[M::mem_pestat] low and high boundaries for proper pairs: (1, 523)
[M::mem_pestat] analyzing insert size distribution for orientation RF...
[M::mem_pestat] (25, 50, 75) percentile: (288, 317, 360)
[M::mem_pestat] low and high boundaries for computing mean and std.dev: (144, 504)
[M::mem_pestat] mean and std.dev: (325.83, 62.43)
[M::mem_pestat] low and high boundaries for proper pairs: (72, 576)
[M::mem_pestat] skip orientation RR as there are not enough pairs
[M::mem_pestat] skip orientation RF
[M::mem_process_seqs] Processed 529802 reads in 164.657 CPU sec, 20.736 real sec
[M::process] read 454434 sequences (68619534 bp)...
[M::mem_pestat] # candidate unique pairs for (FF, FR, RF, RR): (13, 16814, 14, 6)
[M::mem_pestat] analyzing insert size distribution for orientation FF...
[M::mem_pestat] (25, 50, 75) percentile: (2, 6, 9)
[M::mem_pestat] low and high boundaries for computing mean and std.dev: (1, 23)
[M::mem_pestat] mean and std.dev: (5.62, 3.20)
[M::mem_pestat] low and high boundaries for proper pairs: (1, 30)
[M::mem_pestat] analyzing insert size distribution for orientation FR...
[M::mem_pestat] (25, 50, 75) percentile: (150, 191, 243)
[M::mem_pestat] low and high boundaries for computing mean and std.dev: (1, 429)
[M::mem_pestat] mean and std.dev: (198.47, 70.32)
[M::mem_pestat] low and high boundaries for proper pairs: (1, 522)
[M::mem_pestat] analyzing insert size distribution for orientation RF...
[M::mem_pestat] (25, 50, 75) percentile: (194, 282, 335)
[M::mem_pestat] low and high boundaries for computing mean and std.dev: (1, 617)
[M::mem_pestat] mean and std.dev: (245.43, 116.09)
[M::mem_pestat] low and high boundaries for proper pairs: (1, 758)
[M::mem_pestat] skip orientation RR as there are not enough pairs
[M::mem_pestat] skip orientation FF
[M::mem_pestat] skip orientation RF
[M::mem_process_seqs] Processed 529802 reads in 162.960 CPU sec, 20.516 real sec
[M::mem_pestat] # candidate unique pairs for (FF, FR, RF, RR): (13, 14376, 10, 1)
[M::mem_pestat] analyzing insert size distribution for orientation FF...
[M::mem_pestat] (25, 50, 75) percentile: (1, 2, 7)
[M::mem_pestat] low and high boundaries for computing mean and std.dev: (1, 19)
[M::mem_pestat] mean and std.dev: (2.92, 2.43)
[M::mem_pestat] low and high boundaries for proper pairs: (1, 25)
[M::mem_pestat] analyzing insert size distribution for orientation FR...
[M::mem_pestat] (25, 50, 75) percentile: (150, 191, 243)
[M::mem_pestat] low and high boundaries for computing mean and std.dev: (1, 429)
[M::mem_pestat] mean and std.dev: (198.86, 70.71)
[M::mem_pestat] low and high boundaries for proper pairs: (1, 522)
[M::mem_pestat] analyzing insert size distribution for orientation RF...
[M::mem_pestat] (25, 50, 75) percentile: (276, 318, 331)
[M::mem_pestat] low and high boundaries for computing mean and std.dev: (166, 441)
[M::mem_pestat] mean and std.dev: (303.20, 44.29)
[M::mem_pestat] low and high boundaries for proper pairs: (111, 496)
[M::mem_pestat] skip orientation RR as there are not enough pairs
[M::mem_pestat] skip orientation FF
[M::mem_pestat] skip orientation RF
[M::mem_process_seqs] Processed 454434 reads in 137.565 CPU sec, 17.278 real sec
[main] Version: 0.7.12-r1044
[main] CMD: /gscratch/lidstrom/software/bwa/bin/bwa mem -M -t 8 /gscratch/lidstrom/meta4/data/isolate_genomes.fasta /gscratch/lidstrom/meta4/data/LakWasMet55_HOW8_2/Raw_Data/r1.fastq.gz /gscratch/lidstrom/meta4/data/LakWasMet55_HOW8_2/Raw_Data/r2.fastq.gz
[main] Real time: 1739.886 sec; CPU: 13758.042 sec
